0 info it worked if it ends with ok
1 verbose cli [ '/Users/xuzou/.nvm/versions/node/v4.2.0/bin/node',
1 verbose cli   '/Users/xuzou/.nvm/versions/node/v4.2.0/bin/npm',
1 verbose cli   'run',
1 verbose cli   'test-watch' ]
2 info using npm@2.14.7
3 info using node@v4.2.0
4 verbose stack Error: missing script: test-watch
4 verbose stack     at run (/Users/xuzou/.nvm/versions/node/v4.2.0/lib/node_modules/npm/lib/run-script.js:142:19)
4 verbose stack     at /Users/xuzou/.nvm/versions/node/v4.2.0/lib/node_modules/npm/lib/run-script.js:58:5
4 verbose stack     at /Users/xuzou/.nvm/versions/node/v4.2.0/lib/node_modules/npm/node_modules/read-package-json/read-json.js:345:5
4 verbose stack     at checkBinReferences_ (/Users/xuzou/.nvm/versions/node/v4.2.0/lib/node_modules/npm/node_modules/read-package-json/read-json.js:309:45)
4 verbose stack     at final (/Users/xuzou/.nvm/versions/node/v4.2.0/lib/node_modules/npm/node_modules/read-package-json/read-json.js:343:3)
4 verbose stack     at then (/Users/xuzou/.nvm/versions/node/v4.2.0/lib/node_modules/npm/node_modules/read-package-json/read-json.js:113:5)
4 verbose stack     at ReadFileContext.<anonymous> (/Users/xuzou/.nvm/versions/node/v4.2.0/lib/node_modules/npm/node_modules/read-package-json/read-json.js:284:20)
4 verbose stack     at ReadFileContext.callback (/Users/xuzou/.nvm/versions/node/v4.2.0/lib/node_modules/npm/node_modules/graceful-fs/graceful-fs.js:76:16)
4 verbose stack     at FSReqWrap.readFileAfterOpen [as oncomplete] (fs.js:303:13)
5 verbose cwd /Users/xuzou/Dev/workspaces/web_workspaces/my-redux-voting/voting-server
6 error Darwin 15.0.0
7 error argv "/Users/xuzou/.nvm/versions/node/v4.2.0/bin/node" "/Users/xuzou/.nvm/versions/node/v4.2.0/bin/npm" "run" "test-watch"
8 error node v4.2.0
9 error npm  v2.14.7
10 error missing script: test-watch
11 error If you need help, you may report this error at:
11 error     <https://github.com/npm/npm/issues>
12 verbose exit [ 1, true ]
